d:\dev\projects\bvhacker\release\bvhacker.ipdb
d:\dev\projects\bvhacker\release\bvhacker.iobj
d:\dev\projects\bvhacker\bvhtweak\release\bvhacker.pch
d:\dev\projects\bvhacker\bvhtweak\release\vc142.pdb
d:\dev\projects\bvhacker\bvhtweak\release\stdafx.obj
d:\dev\projects\bvhacker\bvhtweak\release\vmath.obj
d:\dev\projects\bvhacker\bvhtweak\release\qcfile.obj
d:\dev\projects\bvhacker\bvhtweak\release\openglcontrol.obj
d:\dev\projects\bvhacker\bvhtweak\release\niceslider.obj
d:\dev\projects\bvhacker\bvhtweak\release\newjointdlg.obj
d:\dev\projects\bvhacker\bvhtweak\release\bvhtweaker.obj
d:\dev\projects\bvhacker\bvhtweak\release\bvhtweakdlg.obj
d:\dev\projects\bvhacker\bvhtweak\release\bvhtweak.obj
d:\dev\projects\bvhacker\bvhtweak\release\bvhtreectrl.obj
d:\dev\projects\bvhacker\bvhtweak\release\bvhregistrysettings.obj
d:\dev\projects\bvhacker\bvhtweak\release\bvhquaterniser.obj
d:\dev\projects\bvhacker\bvhtweak\release\bvhoptions.obj
d:\dev\projects\bvhacker\bvhtweak\release\bvhlpfilter.obj
d:\dev\projects\bvhacker\bvhtweak\release\bvhframeratedialog.obj
d:\dev\projects\bvhacker\bvhtweak\release\bvhfiledialog.obj
d:\dev\projects\bvhacker\bvhtweak\release\bvhfile.obj
d:\dev\projects\bvhacker\bvhtweak\release\bvhaboutbox.obj
d:\dev\projects\bvhacker\release\bvhacker.exe
d:\dev\projects\bvhacker\release\bvhacker.pdb
d:\dev\projects\bvhacker\bvhtweak\release\bvhtweak.res
d:\dev\projects\bvhacker\bvhtweak\release\bvhtweak.tlog\bvhtweak.write.1u.tlog
d:\dev\projects\bvhacker\bvhtweak\release\bvhtweak.tlog\cl.command.1.tlog
d:\dev\projects\bvhacker\bvhtweak\release\bvhtweak.tlog\cl.read.1.tlog
d:\dev\projects\bvhacker\bvhtweak\release\bvhtweak.tlog\cl.write.1.tlog
d:\dev\projects\bvhacker\bvhtweak\release\bvhtweak.tlog\link.command.1.tlog
d:\dev\projects\bvhacker\bvhtweak\release\bvhtweak.tlog\link.read.1.tlog
d:\dev\projects\bvhacker\bvhtweak\release\bvhtweak.tlog\link.write.1.tlog
d:\dev\projects\bvhacker\bvhtweak\release\bvhtweak.tlog\rc.command.1.tlog
d:\dev\projects\bvhacker\bvhtweak\release\bvhtweak.tlog\rc.read.1.tlog
d:\dev\projects\bvhacker\bvhtweak\release\bvhtweak.tlog\rc.write.1.tlog
