d:\dev\projects\bvhacker\bvhtweak\debug\bvhacker.pch
d:\dev\projects\bvhacker\bvhtweak\debug\vc142.pdb
d:\dev\projects\bvhacker\bvhtweak\debug\vc142.idb
d:\dev\projects\bvhacker\bvhtweak\debug\vmath.obj
d:\dev\projects\bvhacker\bvhtweak\debug\stdafx.obj
d:\dev\projects\bvhacker\bvhtweak\debug\qcfile.obj
d:\dev\projects\bvhacker\bvhtweak\debug\openglcontrol.obj
d:\dev\projects\bvhacker\bvhtweak\debug\niceslider.obj
d:\dev\projects\bvhacker\bvhtweak\debug\newjointdlg.obj
d:\dev\projects\bvhacker\bvhtweak\debug\bvhtweaker.obj
d:\dev\projects\bvhacker\bvhtweak\debug\bvhtweakdlg.obj
d:\dev\projects\bvhacker\bvhtweak\debug\bvhtweak.obj
d:\dev\projects\bvhacker\bvhtweak\debug\bvhtreectrl.obj
d:\dev\projects\bvhacker\bvhtweak\debug\bvhregistrysettings.obj
d:\dev\projects\bvhacker\bvhtweak\debug\bvhquaterniser.obj
d:\dev\projects\bvhacker\bvhtweak\debug\bvhoptions.obj
d:\dev\projects\bvhacker\bvhtweak\debug\bvhlpfilter.obj
d:\dev\projects\bvhacker\bvhtweak\debug\bvhframeratedialog.obj
d:\dev\projects\bvhacker\bvhtweak\debug\bvhfiledialog.obj
d:\dev\projects\bvhacker\bvhtweak\debug\bvhfile.obj
d:\dev\projects\bvhacker\bvhtweak\debug\bvhaboutbox.obj
d:\dev\projects\bvhacker\debug\bvhacker.exe
d:\dev\projects\bvhacker\debug\bvhacker.ilk
d:\dev\projects\bvhacker\debug\bvhacker.pdb
d:\dev\projects\bvhacker\bvhtweak\debug\bvhtweak.res
d:\dev\projects\bvhacker\bvhtweak\debug\bvhtweak.tlog\cl.command.1.tlog
d:\dev\projects\bvhacker\bvhtweak\debug\bvhtweak.tlog\cl.read.1.tlog
d:\dev\projects\bvhacker\bvhtweak\debug\bvhtweak.tlog\cl.write.1.tlog
d:\dev\projects\bvhacker\bvhtweak\debug\bvhtweak.tlog\link.command.1.tlog
d:\dev\projects\bvhacker\bvhtweak\debug\bvhtweak.tlog\link.read.1.tlog
d:\dev\projects\bvhacker\bvhtweak\debug\bvhtweak.tlog\link.write.1.tlog
d:\dev\projects\bvhacker\bvhtweak\debug\bvhtweak.tlog\rc.command.1.tlog
d:\dev\projects\bvhacker\bvhtweak\debug\bvhtweak.tlog\rc.read.1.tlog
d:\dev\projects\bvhacker\bvhtweak\debug\bvhtweak.tlog\rc.write.1.tlog
